<?xml version="1.0" encoding="UTF-8"?>
<!-- Generated by org.testng.reporters.JUnitReportReporter -->
<testsuite hostname="DESKTOP-GQ04SCT" failures="0" tests="11" name="testCase.TC" time="72.858" errors="0" timestamp="2023-09-29T15:03:39 IST" skipped="0">
  <testcase classname="testCase.TC" name="verifyLogin" time="4.587"/>
  <testcase classname="testCase.TC" name="verify_homepage" time="1.114"/>
  <testcase classname="testCase.TC" name="register_patient" time="9.976"/>
  <testcase classname="testCase.TC" name="demo_graphics" time="7.343"/>
  <testcase classname="testCase.TC" name="contact_info" time="1.830"/>
  <testcase classname="testCase.TC" name="relative" time="3.894"/>
  <testcase classname="testCase.TC" name="submit" time="1.242"/>
  <testcase classname="testCase.TC" name="appointment" time="18.446"/>
  <testcase classname="testCase.TC" name="editregistration" time="20.600"/>
  <testcase classname="testCase.TC" name="deletepatient" time="1.907"/>
  <testcase classname="testCase.TC" name="LogOut" time="1.919"/>
</testsuite> <!-- testCase.TC -->
